<?xml version="1.0" encoding="windows-1252" standalone="no"?>
<!DOCTYPE log SYSTEM "logger.dtd">
<log>
<record>
  <date>2022-04-11T07:49:55.236981800Z</date>
  <millis>1649663395236</millis>
  <nanos>981800</nanos>
  <sequence>0</sequence>
  <logger>com.javacodegeeks.snippets.core</logger>
  <level>SEVERE</level>
  <class>newproject.WriteLogEntriesToLogFile</class>
  <method>main</method>
  <thread>1</thread>
  <message>severe message</message>
</record>
<record>
  <date>2022-04-11T07:49:55.331128500Z</date>
  <millis>1649663395331</millis>
  <nanos>128500</nanos>
  <sequence>1</sequence>
  <logger>com.javacodegeeks.snippets.core</logger>
  <level>WARNING</level>
  <class>newproject.WriteLogEntriesToLogFile</class>
  <method>main</method>
  <thread>1</thread>
  <message>warning message</message>
</record>
<record>
  <date>2022-04-11T07:49:55.332415600Z</date>
  <millis>1649663395332</millis>
  <nanos>415600</nanos>
  <sequence>2</sequence>
  <logger>com.javacodegeeks.snippets.core</logger>
  <level>INFO</level>
  <class>newproject.WriteLogEntriesToLogFile</class>
  <method>main</method>
  <thread>1</thread>
  <message>info message</message>
</record>
</log>
<?xml version="1.0" encoding="windows-1252" standalone="no"?>
<!DOCTYPE log SYSTEM "logger.dtd">
<log>
<record>
  <date>2022-04-11T07:50:42.778058300Z</date>
  <millis>1649663442778</millis>
  <nanos>58300</nanos>
  <sequence>0</sequence>
  <logger>com.javacodegeeks.snippets.core</logger>
  <level>SEVERE</level>
  <class>newproject.WriteLogEntriesToLogFile</class>
  <method>main</method>
  <thread>1</thread>
  <message>severe message</message>
</record>
<record>
  <date>2022-04-11T07:50:42.841005700Z</date>
  <millis>1649663442841</millis>
  <nanos>5700</nanos>
  <sequence>1</sequence>
  <logger>com.javacodegeeks.snippets.core</logger>
  <level>WARNING</level>
  <class>newproject.WriteLogEntriesToLogFile</class>
  <method>main</method>
  <thread>1</thread>
  <message>warning message</message>
</record>
<record>
  <date>2022-04-11T07:50:42.841005700Z</date>
  <millis>1649663442841</millis>
  <nanos>5700</nanos>
  <sequence>2</sequence>
  <logger>com.javacodegeeks.snippets.core</logger>
  <level>INFO</level>
  <class>newproject.WriteLogEntriesToLogFile</class>
  <method>main</method>
  <thread>1</thread>
  <message>info message</message>
</record>
</log>
<?xml version="1.0" encoding="windows-1252" standalone="no"?>
<!DOCTYPE log SYSTEM "logger.dtd">
<log>
<record>
  <date>2022-04-18T05:21:34.060823300Z</date>
  <millis>1650259294060</millis>
  <nanos>823300</nanos>
  <sequence>0</sequence>
  <logger>com.javacodegeeks.snippets.core</logger>
  <level>SEVERE</level>
  <class>newproject.WriteLogEntriesToLogFile</class>
  <method>main</method>
  <thread>1</thread>
  <message>severe message</message>
</record>
<record>
  <date>2022-04-18T05:21:34.178561700Z</date>
  <millis>1650259294178</millis>
  <nanos>561700</nanos>
  <sequence>1</sequence>
  <logger>com.javacodegeeks.snippets.core</logger>
  <level>WARNING</level>
  <class>newproject.WriteLogEntriesToLogFile</class>
  <method>main</method>
  <thread>1</thread>
  <message>warning message</message>
</record>
<record>
  <date>2022-04-18T05:21:34.179557500Z</date>
  <millis>1650259294179</millis>
  <nanos>557500</nanos>
  <sequence>2</sequence>
  <logger>com.javacodegeeks.snippets.core</logger>
  <level>INFO</level>
  <class>newproject.WriteLogEntriesToLogFile</class>
  <method>main</method>
  <thread>1</thread>
  <message>info message</message>
</record>
</log>
